#
# A fatal error has been detected by the Java Runtime Environment:
#
#  EXCEPTION_ACCESS_VIOLATION (0xc0000005) at pc=0x0000000180011066, pid=11908, tid=0x0000000000002a94
#
# JRE version: Java(TM) SE Runtime Environment (8.0_151-b12) (build 1.8.0_151-b12)
# Java VM: Java HotSpot(TM) 64-Bit Server VM (25.151-b12 mixed mode windows-amd64 compressed oops)
# Problematic frame:
# C  [OpenAL64.dll+0x11066]
#
# Failed to write core dump. Minidumps are not enabled by default on client versions of Windows
#
# If you would like to submit a bug report, please visit:
#   http://bugreport.java.com/bugreport/crash.jsp
# The crash happened outside the Java Virtual Machine in native code.
# See problematic frame for where to report the bug.
#

---------------  T H R E A D  ---------------

Current thread (0x00000000197a6800):  JavaThread "jME3 Main" [_thread_in_native, id=10900, stack(0x000000001b810000,0x000000001b910000)]

siginfo: ExceptionCode=0xc0000005, reading address 0x0000000019aa1004

Registers:
RAX=0x0000000000000004, RBX=0x0000000065200090, RCX=0x0000000019aa1008, RDX=0x0000000019aa1004
RSP=0x000000001b90ea70, RBP=0x00000000000000ff, RSI=0x0000000019a9f0fc, RDI=0x0000000000000000
R8 =0x00000000000007c2, R9 =0x0000000019a9f0fc, R10=0x00000000032c7f48, R11=0x0000000069eab4d0
R12=0x0000000000000001, R13=0x0000000064ff97e0, R14=0x000000001b90ec10, R15=0x00000000197a6800
RIP=0x0000000180011066, EFLAGS=0x0000000000010202

Top of Stack: (sp=0x000000001b90ea70)
0x000000001b90ea70:   0000000000000000 00000000170144e0
0x000000001b90ea80:   00000000197a0f10 00000000197a6800
0x000000001b90ea90:   0000000064ff97e0 0000000000000000
0x000000001b90eaa0:   00000000197a6800 00000000197a0f10
0x000000001b90eab0:   0000000064ff97e0 000000001b90ec10
0x000000001b90eac0:   000000001983a8f0 0000000069d3b546
0x000000001b90ead0:   000000001b90f3e8 0000000017157080
0x000000001b90eae0:   00000000197a6800 000000001b90ec10
0x000000001b90eaf0:   0000000064ff97e0 0000000000000000
0x000000001b90eb00:   0000000019a9f0fc 00000000ee87b8c8
0x000000001b90eb10:   000000001b90ebd8 000000018001248f
0x000000001b90eb20:   0000000065200090 0000000065200090
0x000000001b90eb30:   000000000000ac44 0000000000000004
0x000000001b90eb40:   0000000000000010 00000000032c7f74
0x000000001b90eb50:   0000000064ff97e0 0000000000000010
0x000000001b90eb60:   0000000000000010 00000000032c7ceb 

Instructions: (pc=0x0000000180011066)
0x0000000180011046:   41 2b ec 81 3a 03 00 02 00 75 09 8b 01 89 84 24
0x0000000180011056:   c8 00 00 00 49 83 c0 02 48 83 c1 08 4a 8d 14 86
0x0000000180011066:   39 3a 75 af 4c 8d 84 24 c0 00 00 00 48 8d 15 d7
0x0000000180011076:   2b 03 00 33 c9 e8 58 5f 00 00 b8 40 1f 00 00 4c 


Register to memory mapping:

RAX=0x0000000000000004 is an unknown value
RBX=0x0000000065200090 is an unknown value
RCX=0x0000000019aa1008 is an unknown value
RDX=0x0000000019aa1004 is an unknown value
RSP=0x000000001b90ea70 is pointing into the stack for thread: 0x00000000197a6800
RBP=0x00000000000000ff is an unknown value
RSI=0x0000000019a9f0fc is an unknown value
RDI=0x0000000000000000 is an unknown value
R8 =0x00000000000007c2 is an unknown value
R9 =0x0000000019a9f0fc is an unknown value
R10=0x00000000032c7f48 is at code_begin+840 in an Interpreter codelet
method entry point (kind = native)  [0x00000000032c7c00, 0x00000000032c8560]  2400 bytes
R11=0x0000000069eab4d0 is an unknown value
R12=0x0000000000000001 is an unknown value
R13={method} {0x0000000064ff97e8} 'nalcCreateContext' '(JJ)J' in 'org/lwjgl/openal/ALC10'
R14=0x000000001b90ec10 is pointing into the stack for thread: 0x00000000197a6800
R15=0x00000000197a6800 is a thread


Stack: [0x000000001b810000,0x000000001b910000],  sp=0x000000001b90ea70,  free space=1018k
Native frames: (J=compiled Java code, j=interpreted, Vv=VM code, C=native code)
C  [OpenAL64.dll+0x11066]
C  [OpenAL64.dll+0x1248f]
C  0x00000000032c7f74

Java frames: (J=compiled Java code, j=interpreted, Vv=VM code)
j  org.lwjgl.openal.ALC10.nalcCreateContext(JJ)J+0
j  org.lwjgl.openal.ALC10.alcCreateContext(Lorg/lwjgl/openal/ALCdevice;Ljava/nio/IntBuffer;)Lorg/lwjgl/openal/ALCcontext;+8
j  org.lwjgl.openal.AL.init(Ljava/lang/String;IIZZ)V+69
j  org.lwjgl.openal.AL.create(Ljava/lang/String;IIZZ)V+246
j  org.lwjgl.openal.AL.create(Ljava/lang/String;IIZ)V+5
j  org.lwjgl.openal.AL.create()V+6
j  com.jme3.audio.lwjgl.LwjglALC.createALC()V+0
j  com.jme3.audio.openal.ALAudioRenderer.initOpenAL()V+16
j  com.jme3.audio.openal.ALAudioRenderer.initialize()V+21
j  com.jme3.app.LegacyApplication.initAudio()V+40
j  com.jme3.app.LegacyApplication.initialize()V+31
j  com.jme3.app.SimpleApplication.initialize()V+1
j  com.jme3.system.lwjgl.LwjglAbstractDisplay.initInThread()Z+90
j  com.jme3.system.lwjgl.LwjglAbstractDisplay.run()V+36
j  java.lang.Thread.run()V+11
v  ~StubRoutines::call_stub

---------------  P R O C E S S  ---------------

Java Threads: ( => current thread )
  0x00000000031b3800 JavaThread "DestroyJavaVM" [_thread_blocked, id=4036, stack(0x00000000030b0000,0x00000000031b0000)]
=>0x00000000197a6800 JavaThread "jME3 Main" [_thread_in_native, id=10900, stack(0x000000001b810000,0x000000001b910000)]
  0x000000001798d000 JavaThread "TimerQueue" daemon [_thread_blocked, id=16976, stack(0x000000001ac10000,0x000000001ad10000)]
  0x0000000017b7e800 JavaThread "Image Fetcher 0" daemon [_thread_blocked, id=9488, stack(0x0000000019500000,0x0000000019600000)]
  0x0000000017a3d800 JavaThread "AWT-EventQueue-0" [_thread_blocked, id=11452, stack(0x0000000018cf0000,0x0000000018df0000)]
  0x0000000017a3c800 JavaThread "AWT-Windows" daemon [_thread_in_native, id=13484, stack(0x0000000018110000,0x0000000018210000)]
  0x0000000017a3b800 JavaThread "AWT-Shutdown" [_thread_blocked, id=648, stack(0x0000000018010000,0x0000000018110000)]
  0x0000000017a3b000 JavaThread "Java2D Disposer" daemon [_thread_blocked, id=3008, stack(0x0000000017f10000,0x0000000018010000)]
  0x0000000016ffa800 JavaThread "Service Thread" daemon [_thread_blocked, id=15500, stack(0x00000000173d0000,0x00000000174d0000)]
  0x000000001567f000 JavaThread "C1 CompilerThread2" daemon [_thread_blocked, id=13408, stack(0x0000000016ed0000,0x0000000016fd0000)]
  0x0000000015677800 JavaThread "C2 CompilerThread1" daemon [_thread_blocked, id=12548, stack(0x0000000016dd0000,0x0000000016ed0000)]
  0x0000000015670800 JavaThread "C2 CompilerThread0" daemon [_thread_blocked, id=16280, stack(0x0000000016cd0000,0x0000000016dd0000)]
  0x000000001566f000 JavaThread "Attach Listener" daemon [_thread_blocked, id=5736, stack(0x0000000016bd0000,0x0000000016cd0000)]
  0x000000001566d800 JavaThread "Signal Dispatcher" daemon [_thread_blocked, id=16752, stack(0x0000000016ad0000,0x0000000016bd0000)]
  0x00000000032ad800 JavaThread "Finalizer" daemon [_thread_blocked, id=10368, stack(0x00000000168d0000,0x00000000169d0000)]
  0x0000000015639000 JavaThread "Reference Handler" daemon [_thread_blocked, id=16776, stack(0x00000000167d0000,0x00000000168d0000)]

Other Threads:
  0x0000000015637000 VMThread [stack: 0x00000000166d0000,0x00000000167d0000] [id=14748]
  0x0000000017018800 WatcherThread [stack: 0x00000000174d0000,0x00000000175d0000] [id=13356]

VM state:not at safepoint (normal execution)

VM Mutex/Monitor currently owned by a thread: None

Heap:
 PSYoungGen      total 17920K, used 7759K [0x00000000ec700000, 0x00000000eea00000, 0x0000000100000000)
  eden space 15360K, 34% used [0x00000000ec700000,0x00000000ecc1aca8,0x00000000ed600000)
  from space 2560K, 98% used [0x00000000ee780000,0x00000000ee9f9020,0x00000000eea00000)
  to   space 2560K, 0% used [0x00000000ed600000,0x00000000ed600000,0x00000000ed880000)
 ParOldGen       total 40960K, used 5938K [0x00000000c5400000, 0x00000000c7c00000, 0x00000000ec700000)
  object space 40960K, 14% used [0x00000000c5400000,0x00000000c59cc9f8,0x00000000c7c00000)
 Metaspace       used 17211K, capacity 17407K, committed 17536K, reserved 1064960K
  class space    used 2078K, capacity 2165K, committed 2176K, reserved 1048576K

Card table byte_map: [0x0000000012670000,0x0000000012850000] byte_map_base: 0x0000000012046000

Marking Bits: (ParMarkBitMap*) 0x000000006a49d850
 Begin Bits: [0x0000000012d90000, 0x0000000013c40000)
 End Bits:   [0x0000000013c40000, 0x0000000014af0000)

Polling page: 0x00000000014a0000

CodeCache: size=245760Kb used=4125Kb max_used=4125Kb free=241634Kb
 bounds [0x00000000032b0000, 0x00000000036c0000, 0x00000000122b0000]
 total_blobs=1778 nmethods=1163 adapters=528
 compilation: enabled

Compilation events (10 events):
Event: 2.994 Thread 0x000000001567f000 1159       3       java.util.regex.Matcher::region (76 bytes)
Event: 2.995 Thread 0x000000001567f000 nmethod 1159 0x00000000036b0f90 code [0x00000000036b1180, 0x00000000036b1a98]
Event: 2.997 Thread 0x000000001567f000 1160       3       java.util.jar.Manifest::getAttributes (14 bytes)
Event: 2.998 Thread 0x000000001567f000 nmethod 1160 0x00000000036b5f90 code [0x00000000036b6100, 0x00000000036b6428]
Event: 3.020 Thread 0x000000001567f000 1161  s    3       java.util.Hashtable::containsKey (65 bytes)
Event: 3.020 Thread 0x000000001567f000 nmethod 1161 0x00000000036b6710 code [0x00000000036b68a0, 0x00000000036b6ed8]
Event: 3.035 Thread 0x000000001567f000 1162       3       java.security.CodeSource::equals (60 bytes)
Event: 3.036 Thread 0x000000001567f000 nmethod 1162 0x00000000036b7350 code [0x00000000036b7500, 0x00000000036b7cd8]
Event: 3.036 Thread 0x000000001567f000 1163       3       java.security.CodeSource::matchCerts (254 bytes)
Event: 3.037 Thread 0x000000001567f000 nmethod 1163 0x00000000036b8090 code [0x00000000036b82a0, 0x00000000036b8e18]

GC Heap History (4 events):
Event: 0.764 GC heap before
{Heap before GC invocations=1 (full 0):
 PSYoungGen      total 17920K, used 15052K [0x00000000ec700000, 0x00000000edb00000, 0x0000000100000000)
  eden space 15360K, 97% used [0x00000000ec700000,0x00000000ed5b31d8,0x00000000ed600000)
  from space 2560K, 0% used [0x00000000ed880000,0x00000000ed880000,0x00000000edb00000)
  to   space 2560K, 0% used [0x00000000ed600000,0x00000000ed600000,0x00000000ed880000)
 ParOldGen       total 40960K, used 0K [0x00000000c5400000, 0x00000000c7c00000, 0x00000000ec700000)
  object space 40960K, 0% used [0x00000000c5400000,0x00000000c5400000,0x00000000c7c00000)
 Metaspace       used 10553K, capacity 10736K, committed 10880K, reserved 1058816K
  class space    used 1290K, capacity 1391K, committed 1408K, reserved 1048576K
Event: 0.773 GC heap after
Heap after GC invocations=1 (full 0):
 PSYoungGen      total 17920K, used 2545K [0x00000000ec700000, 0x00000000eea00000, 0x0000000100000000)
  eden space 15360K, 0% used [0x00000000ec700000,0x00000000ec700000,0x00000000ed600000)
  from space 2560K, 99% used [0x00000000ed600000,0x00000000ed87c428,0x00000000ed880000)
  to   space 2560K, 0% used [0x00000000ee780000,0x00000000ee780000,0x00000000eea00000)
 ParOldGen       total 40960K, used 1424K [0x00000000c5400000, 0x00000000c7c00000, 0x00000000ec700000)
  object space 40960K, 3% used [0x00000000c5400000,0x00000000c55640c0,0x00000000c7c00000)
 Metaspace       used 10553K, capacity 10736K, committed 10880K, reserved 1058816K
  class space    used 1290K, capacity 1391K, committed 1408K, reserved 1048576K
}
Event: 2.958 GC heap before
{Heap before GC invocations=2 (full 0):
 PSYoungGen      total 17920K, used 17905K [0x00000000ec700000, 0x00000000eea00000, 0x0000000100000000)
  eden space 15360K, 100% used [0x00000000ec700000,0x00000000ed600000,0x00000000ed600000)
  from space 2560K, 99% used [0x00000000ed600000,0x00000000ed87c428,0x00000000ed880000)
  to   space 2560K, 0% used [0x00000000ee780000,0x00000000ee780000,0x00000000eea00000)
 ParOldGen       total 40960K, used 1424K [0x00000000c5400000, 0x00000000c7c00000, 0x00000000ec700000)
  object space 40960K, 3% used [0x00000000c5400000,0x00000000c55640c0,0x00000000c7c00000)
 Metaspace       used 16228K, capacity 16415K, committed 16768K, reserved 1064960K
  class space    used 1998K, capacity 2069K, committed 2176K, reserved 1048576K
Event: 2.968 GC heap after
Heap after GC invocations=2 (full 0):
 PSYoungGen      total 17920K, used 2532K [0x00000000ec700000, 0x00000000eea00000, 0x0000000100000000)
  eden space 15360K, 0% used [0x00000000ec700000,0x00000000ec700000,0x00000000ed600000)
  from space 2560K, 98% used [0x00000000ee780000,0x00000000ee9f9020,0x00000000eea00000)
  to   space 2560K, 0% used [0x00000000ed600000,0x00000000ed600000,0x00000000ed880000)
 ParOldGen       total 40960K, used 5938K [0x00000000c5400000, 0x00000000c7c00000, 0x00000000ec700000)
  object space 40960K, 14% used [0x00000000c5400000,0x00000000c59cc9f8,0x00000000c7c00000)
 Metaspace       used 16228K, capacity 16415K, committed 16768K, reserved 1064960K
  class space    used 1998K, capacity 2069K, committed 2176K, reserved 1048576K
}

Deoptimization events (10 events):
Event: 0.475 Thread 0x00000000031b3800 Uncommon trap: reason=unstable_if action=reinterpret pc=0x0000000003436c70 method=sun.misc.MetaIndex.mayContain(Ljava/lang/String;)Z @ 13
Event: 0.478 Thread 0x00000000031b3800 Uncommon trap: reason=unstable_if action=reinterpret pc=0x000000000341f140 method=java.lang.String.indexOf([CII[CIII)I @ 134
Event: 0.644 Thread 0x0000000017a3d800 Uncommon trap: reason=unstable_if action=reinterpret pc=0x00000000033fc770 method=java.lang.String.startsWith(Ljava/lang/String;I)Z @ 25
Event: 0.647 Thread 0x0000000017a3d800 Uncommon trap: reason=unstable_if action=reinterpret pc=0x00000000034de1cc method=java.lang.AbstractStringBuilder.append(Ljava/lang/String;)Ljava/lang/AbstractStringBuilder; @ 1
Event: 0.648 Thread 0x0000000017a3d800 Uncommon trap: reason=unstable_if action=reinterpret pc=0x00000000034ae104 method=java.lang.AbstractStringBuilder.append(Ljava/lang/String;)Ljava/lang/AbstractStringBuilder; @ 1
Event: 0.900 Thread 0x0000000017b7e800 Uncommon trap: reason=unstable_if action=reinterpret pc=0x0000000003570614 method=sun.awt.image.ImageRepresentation.getOpaqueRGBImage()Ljava/awt/image/BufferedImage; @ 57
Event: 1.084 Thread 0x0000000017a3d800 Uncommon trap: reason=class_check action=maybe_recompile pc=0x0000000003497ae8 method=java.lang.String.equals(Ljava/lang/Object;)Z @ 8
Event: 1.084 Thread 0x0000000017a3d800 Uncommon trap: reason=class_check action=maybe_recompile pc=0x0000000003497ae8 method=java.lang.String.equals(Ljava/lang/Object;)Z @ 8
Event: 1.084 Thread 0x0000000017a3d800 Uncommon trap: reason=class_check action=maybe_recompile pc=0x0000000003497ae8 method=java.lang.String.equals(Ljava/lang/Object;)Z @ 8
Event: 1.086 Thread 0x0000000017a3d800 Uncommon trap: reason=class_check action=maybe_recompile pc=0x0000000003497ae8 method=java.lang.String.equals(Ljava/lang/Object;)Z @ 8

Internal exceptions (10 events):
Event: 0.616 Thread 0x0000000017a3d800 Exception <a 'java/io/FileNotFoundException'> (0x00000000ed37ca08) thrown at [C:\re\workspace\8-2-build-windows-amd64-cygwin\jdk8u151\9699\hotspot\src\share\vm\prims\jni.cpp, line 709]
Event: 0.647 Thread 0x0000000017a3d800 Implicit null exception at 0x00000000034dde16 to 0x00000000034de1b5
Event: 0.648 Thread 0x0000000017a3d800 Implicit null exception at 0x00000000034add56 to 0x00000000034ae0ed
Event: 0.654 Thread 0x0000000017a3d800 Exception <a 'java/lang/NoClassDefFoundError'> (0x00000000ed41a400) thrown at [C:\re\workspace\8-2-build-windows-amd64-cygwin\jdk8u151\9699\hotspot\src\share\vm\prims\jvm.cpp, line 1394]
Event: 3.041 Thread 0x00000000197a6800 Exception <a 'java/security/PrivilegedActionException'> (0x00000000ecbb7a20) thrown at [C:\re\workspace\8-2-build-windows-amd64-cygwin\jdk8u151\9699\hotspot\src\share\vm\prims\jvm.cpp, line 1390]
Event: 3.041 Thread 0x00000000197a6800 Exception <a 'java/security/PrivilegedActionException'> (0x00000000ecbb9590) thrown at [C:\re\workspace\8-2-build-windows-amd64-cygwin\jdk8u151\9699\hotspot\src\share\vm\prims\jvm.cpp, line 1390]
Event: 3.041 Thread 0x00000000197a6800 Exception <a 'java/security/PrivilegedActionException'> (0x00000000ecbba6b0) thrown at [C:\re\workspace\8-2-build-windows-amd64-cygwin\jdk8u151\9699\hotspot\src\share\vm\prims\jvm.cpp, line 1390]
Event: 3.042 Thread 0x00000000197a6800 Exception <a 'java/security/PrivilegedActionException'> (0x00000000ecbbf7d0) thrown at [C:\re\workspace\8-2-build-windows-amd64-cygwin\jdk8u151\9699\hotspot\src\share\vm\prims\jvm.cpp, line 1390]
Event: 3.042 Thread 0x00000000197a6800 Exception <a 'java/security/PrivilegedActionException'> (0x00000000ecbc0428) thrown at [C:\re\workspace\8-2-build-windows-amd64-cygwin\jdk8u151\9699\hotspot\src\share\vm\prims\jvm.cpp, line 1390]
Event: 3.042 Thread 0x00000000197a6800 Exception <a 'java/security/PrivilegedActionException'> (0x00000000ecbc1050) thrown at [C:\re\workspace\8-2-build-windows-amd64-cygwin\jdk8u151\9699\hotspot\src\share\vm\prims\jvm.cpp, line 1390]

Events (10 events):
Event: 3.043 loading class org/lwjgl/openal/ALC10
Event: 3.043 loading class org/lwjgl/openal/ALC10 done
Event: 3.052 loading class org/lwjgl/openal/ALCdevice
Event: 3.052 loading class org/lwjgl/openal/ALCdevice done
Event: 3.053 loading class org/lwjgl/openal/ALCcontext
Event: 3.053 loading class org/lwjgl/openal/ALCcontext done
Event: 3.054 loading class org/lwjgl/openal/Util
Event: 3.054 loading class org/lwjgl/openal/Util done
Event: 3.054 loading class org/lwjgl/openal/OpenALException
Event: 3.054 loading class org/lwjgl/openal/OpenALException done


Dynamic libraries:
0x00007ff7fc220000 - 0x00007ff7fc257000 	C:\Program Files\Java\jre1.8.0_151\bin\javaw.exe
0x00007fff60350000 - 0x00007fff60531000 	C:\WINDOWS\SYSTEM32\ntdll.dll
0x00007fff5f560000 - 0x00007fff5f612000 	C:\WINDOWS\System32\KERNEL32.DLL
0x00007fff5d310000 - 0x00007fff5d583000 	C:\WINDOWS\System32\KERNELBASE.dll
0x00007fff5f450000 - 0x00007fff5f4f1000 	C:\WINDOWS\System32\ADVAPI32.dll
0x00007fff5d870000 - 0x00007fff5d90e000 	C:\WINDOWS\System32\msvcrt.dll
0x00007fff5fa10000 - 0x00007fff5fa6b000 	C:\WINDOWS\System32\sechost.dll
0x00007fff601f0000 - 0x00007fff60314000 	C:\WINDOWS\System32\RPCRT4.dll
0x00007fff5d940000 - 0x00007fff5dad0000 	C:\WINDOWS\System32\USER32.dll
0x00007fff5cb30000 - 0x00007fff5cb50000 	C:\WINDOWS\System32\win32u.dll
0x00007fff600f0000 - 0x00007fff60118000 	C:\WINDOWS\System32\GDI32.dll
0x00007fff5d640000 - 0x00007fff5d7d2000 	C:\WINDOWS\System32\gdi32full.dll
0x00007fff5c720000 - 0x00007fff5c7bf000 	C:\WINDOWS\System32\msvcp_win.dll
0x00007fff5c9b0000 - 0x00007fff5caaa000 	C:\WINDOWS\System32\ucrtbase.dll
0x00007fff50510000 - 0x00007fff50779000 	C:\WINDOWS\WinSxS\amd64_microsoft.windows.common-controls_6595b64144ccf1df_6.0.17134.407_none_fb449d63306391e9\COMCTL32.dll
0x00007fff5efc0000 - 0x00007fff5f2e2000 	C:\WINDOWS\System32\combase.dll
0x00007fff5cab0000 - 0x00007fff5cb2a000 	C:\WINDOWS\System32\bcryptPrimitives.dll
0x00007fff5d910000 - 0x00007fff5d93d000 	C:\WINDOWS\System32\IMM32.DLL
0x00000000695f0000 - 0x00000000696c2000 	C:\Program Files\Java\jre1.8.0_151\bin\msvcr100.dll
0x0000000069c80000 - 0x000000006a51d000 	C:\Program Files\Java\jre1.8.0_151\bin\server\jvm.dll
0x00007fff5dad0000 - 0x00007fff5dad8000 	C:\WINDOWS\System32\PSAPI.DLL
0x00007fff58580000 - 0x00007fff58589000 	C:\WINDOWS\SYSTEM32\WSOCK32.dll
0x00007fff5f800000 - 0x00007fff5f86c000 	C:\WINDOWS\System32\WS2_32.dll
0x00007fff51060000 - 0x00007fff51083000 	C:\WINDOWS\SYSTEM32\WINMM.dll
0x00007fff50780000 - 0x00007fff5078a000 	C:\WINDOWS\SYSTEM32\VERSION.dll
0x00007fff51030000 - 0x00007fff5105a000 	C:\WINDOWS\SYSTEM32\WINMMBASE.dll
0x00007fff5cbb0000 - 0x00007fff5cbf9000 	C:\WINDOWS\System32\cfgmgr32.dll
0x000000006a590000 - 0x000000006a59f000 	C:\Program Files\Java\jre1.8.0_151\bin\verify.dll
0x0000000069b70000 - 0x0000000069b99000 	C:\Program Files\Java\jre1.8.0_151\bin\java.dll
0x0000000069b50000 - 0x0000000069b66000 	C:\Program Files\Java\jre1.8.0_151\bin\zip.dll
0x00007fff5db80000 - 0x00007fff5efbf000 	C:\WINDOWS\System32\SHELL32.dll
0x00007fff5ffe0000 - 0x00007fff60089000 	C:\WINDOWS\System32\shcore.dll
0x00007fff5cc00000 - 0x00007fff5d30d000 	C:\WINDOWS\System32\windows.storage.dll
0x00007fff60090000 - 0x00007fff600e1000 	C:\WINDOWS\System32\shlwapi.dll
0x00007fff5c6d0000 - 0x00007fff5c6e1000 	C:\WINDOWS\System32\kernel.appcore.dll
0x00007fff5c6f0000 - 0x00007fff5c70f000 	C:\WINDOWS\System32\profapi.dll
0x00007fff5c680000 - 0x00007fff5c6cc000 	C:\WINDOWS\System32\powrprof.dll
0x00007fff5c710000 - 0x00007fff5c71a000 	C:\WINDOWS\System32\FLTLIB.DLL
0x0000000069450000 - 0x00000000695e8000 	C:\Program Files\Java\jre1.8.0_151\bin\awt.dll
0x00007fff60120000 - 0x00007fff601e2000 	C:\WINDOWS\System32\OLEAUT32.dll
0x00007fff5a810000 - 0x00007fff5a89b000 	C:\WINDOWS\SYSTEM32\apphelp.dll
0x00007fff5acf0000 - 0x00007fff5ad88000 	C:\WINDOWS\system32\uxtheme.dll
0x00007fff5f620000 - 0x00007fff5f793000 	C:\WINDOWS\System32\MSCTF.dll
0x00007fff5add0000 - 0x00007fff5adf9000 	C:\WINDOWS\system32\dwmapi.dll
0x00007fff5f2f0000 - 0x00007fff5f441000 	C:\WINDOWS\System32\ole32.dll
0x00007fff49db0000 - 0x00007fff49ed0000 	C:\WINDOWS\system32\opengl32.dll
0x00007fff54b80000 - 0x00007fff54bac000 	C:\WINDOWS\SYSTEM32\GLU32.dll
0x0000000069400000 - 0x0000000069447000 	C:\Program Files\Java\jre1.8.0_151\bin\fontmanager.dll
0x0000000069b30000 - 0x0000000069b4a000 	C:\Program Files\Java\jre1.8.0_151\bin\net.dll
0x00007fff5be80000 - 0x00007fff5bee6000 	C:\WINDOWS\system32\mswsock.dll
0x0000000069b10000 - 0x0000000069b21000 	C:\Program Files\Java\jre1.8.0_151\bin\nio.dll
0x00000000693b0000 - 0x00000000693f2000 	C:\Program Files\Java\jre1.8.0_151\bin\t2k.dll
0x00007fff50070000 - 0x00007fff50106000 	C:\WINDOWS\System32\TextInputFramework.dll
0x00007fff5a2d0000 - 0x00007fff5a3aa000 	C:\WINDOWS\System32\CoreMessaging.dll
0x00007fff4fd50000 - 0x00007fff5006e000 	C:\WINDOWS\System32\CoreUIComponents.dll
0x00007fff5b750000 - 0x00007fff5b781000 	C:\WINDOWS\SYSTEM32\ntmarta.dll
0x00007fff58cd0000 - 0x00007fff58e1d000 	C:\WINDOWS\SYSTEM32\wintypes.dll
0x00007fff48d90000 - 0x00007fff48dfb000 	C:\WINDOWS\system32\Oleacc.dll
0x0000000180000000 - 0x0000000180064000 	C:\Users\profe\git\2019-Simulation\OpenAL64.dll
0x000000001b910000 - 0x000000001b963000 	C:\Users\profe\git\2019-Simulation\lwjgl64.dll
0x00007fff241f0000 - 0x00007fff24cb0000 	C:\WINDOWS\SYSTEM32\ig75icd64.dll
0x00007fff4dd10000 - 0x00007fff4e702000 	C:\WINDOWS\SYSTEM32\igdusc64.dll
0x00007fff58400000 - 0x00007fff58413000 	C:\WINDOWS\SYSTEM32\WTSAPI32.dll
0x00007fff50dd0000 - 0x00007fff50e78000 	C:\WINDOWS\SYSTEM32\mscms.dll
0x00007fff5c590000 - 0x00007fff5c5b8000 	C:\WINDOWS\SYSTEM32\USERENV.dll
0x00007fff57e40000 - 0x00007fff57e50000 	C:\WINDOWS\SYSTEM32\ColorAdapterClient.dll
0x00007fff3e980000 - 0x00007fff3e9c3000 	C:\WINDOWS\SYSTEM32\icm32.dll
0x00007fff5dae0000 - 0x00007fff5db80000 	C:\WINDOWS\System32\clbcatq.dll
0x00007fff54ad0000 - 0x00007fff54b46000 	C:\WINDOWS\System32\MMDevApi.dll
0x00007fff590c0000 - 0x00007fff59274000 	C:\WINDOWS\System32\PROPSYS.dll
0x00007fff5c470000 - 0x00007fff5c497000 	C:\WINDOWS\System32\DEVOBJ.dll
0x00007fff33800000 - 0x00007fff3388f000 	C:\WINDOWS\SYSTEM32\dsound.dll
0x00007fff54110000 - 0x00007fff5423c000 	C:\WINDOWS\SYSTEM32\AUDIOSES.DLL
0x00007fff58260000 - 0x00007fff5826a000 	C:\WINDOWS\SYSTEM32\AVRT.dll
0x00007fff57000000 - 0x00007fff571c9000 	C:\WINDOWS\SYSTEM32\dbghelp.dll

VM Arguments:
jvm_args: -Dfile.encoding=Cp1252 
java_command: simulator.SimMain
java_class_path (initial): C:\Program Files\Java\jre1.8.0_151\lib\resources.jar;C:\Program Files\Java\jre1.8.0_151\lib\rt.jar;C:\Program Files\Java\jre1.8.0_151\lib\jsse.jar;C:\Program Files\Java\jre1.8.0_151\lib\jce.jar;C:\Program Files\Java\jre1.8.0_151\lib\charsets.jar;C:\Program Files\Java\jre1.8.0_151\lib\jfr.jar;C:\Program Files\Java\jre1.8.0_151\lib\ext\access-bridge-64.jar;C:\Program Files\Java\jre1.8.0_151\lib\ext\cldrdata.jar;C:\Program Files\Java\jre1.8.0_151\lib\ext\dnsns.jar;C:\Program Files\Java\jre1.8.0_151\lib\ext\jaccess.jar;C:\Program Files\Java\jre1.8.0_151\lib\ext\jfxrt.jar;C:\Program Files\Java\jre1.8.0_151\lib\ext\localedata.jar;C:\Program Files\Java\jre1.8.0_151\lib\ext\nashorn.jar;C:\Program Files\Java\jre1.8.0_151\lib\ext\sunec.jar;C:\Program Files\Java\jre1.8.0_151\lib\ext\sunjce_provider.jar;C:\Program Files\Java\jre1.8.0_151\lib\ext\sunmscapi.jar;C:\Program Files\Java\jre1.8.0_151\lib\ext\sunpkcs11.jar;C:\Program Files\Java\jre1.8.0_151\lib\ext\zipfs.jar;C:\Users\profe\git\2019-Simulation\bin;C:\Users\profe\git\2019-Simulation\lib\core.jar;C:\Users\profe\git\2019-Simulation\lib\dense64.jar;C:\Users\profe\git\2019-Simulation\lib\denseC64.jar;C:\Users\profe\git\2019-Simulation\lib\eventbus.jar;C:\Users\profe\git\2019-Simulation\lib\gluegen-rt-main.jar;C:\Users\profe\git\2019-Simulation\lib\gluegen-rt-natives-android-aarch64.jar;C:\Users\profe\git\2019-Simulation\lib\gluegen-rt-natives-android-armv6.jar;C:\Users\profe\git\2019-Simulation\lib\gluegen-rt-natives-linux-amd64.jar;C:\Users\profe\git\2019-Simulation\lib\gluegen-rt-natives-linux-armv6.jar;C:\Users\profe\git\2019-Simulation\lib\gluegen-rt-natives-linux-armv6hf.jar;C:\Users\profe\git\2019-Simulation\lib\gluegen-rt-natives-linux-i586.jar;C:\Users\profe\git\2019-Simulation\lib\gluegen-rt-natives-macosx-universal.jar;C:\Users\profe\git\2019-Simulation\lib\gluegen-rt-natives-solaris-amd64.jar;C:\Users\profe\git\2019-Simulation\lib\gluegen-rt-natives-solaris-i586.jar;C:\Users\profe\git\
Launcher Type: SUN_STANDARD

Environment Variables:
PATH=C:/Program Files/Java/jre1.8.0_151/bin/server;C:/Program Files/Java/jre1.8.0_151/bin;C:/Program Files/Java/jre1.8.0_151/lib/amd64;C:\ProgramData\Oracle\Java\javapath;C:\WINDOWS\system32;C:\WINDOWS;C:\WINDOWS\System32\Wbem;C:\WINDOWS\System32\WindowsPowerShell\v1.0\;C:\Program Files\Git\cmd;C:\WINDOWS\System32\OpenSSH\;C:\Users\profe\AppData\Local\Microsoft\WindowsApps;C:\Users\profe\AppData\Local\GitHubDesktop\bin;%USERPROFILE%\AppData\Local\Microsoft\WindowsApps;;C:\Users\profe\Downloads\eclipse-java-oxygen-1a-win32-x86_64\eclipse;
USERNAME=profe
OS=Windows_NT
PROCESSOR_IDENTIFIER=Intel64 Family 6 Model 69 Stepping 1, GenuineIntel



---------------  S Y S T E M  ---------------

OS: Windows 10.0 , 64 bit Build 17134 (10.0.17134.1)

CPU:total 4 (initial active 4) (2 cores per cpu, 2 threads per core) family 6 model 69 stepping 1, cmov, cx8, fxsr, mmx, sse, sse2, sse3, ssse3, sse4.1, sse4.2, popcnt, avx, avx2, aes, clmul, erms, lzcnt, ht, tsc, tscinvbit, bmi1, bmi2

Memory: 4k page, physical 3842328k(706932k free), swap 8392116k(1447344k free)

vm_info: Java HotSpot(TM) 64-Bit Server VM (25.151-b12) for windows-amd64 JRE (1.8.0_151-b12), built on Sep  5 2017 19:33:46 by "java_re" with MS VC++ 10.0 (VS2010)

time: Sat Jan 12 15:09:32 2019
elapsed time: 3 seconds (0d 0h 0m 3s)

